[{"line":2,"elements":[{"start_timestamp":"2022-08-24T02:34:54.026Z","line":14,"name":"Positive Test Validating Login","description":"","id":"log-in-application;positive-test-validating-login;;2","type":"scenario","keyword":"Scenario Outline","steps":[{"result":{"duration":1676513500,"status":"passed"},"line":5,"name":"Initialize browser with chrome","match":{"location":"stepDefinition.StepDefination.initialize_browser_with_chrome()"},"keyword":"Given "},{"result":{"duration":3397317200,"status":"passed"},"line":6,"name":"Navigate to \"url\" site","match":{"arguments":[{"val":"\"url\"","offset":12}],"location":"stepDefinition.StepDefination.navigate_to_site(java.lang.String)"},"keyword":"And "},{"result":{"duration":8375309400,"status":"passed"},"line":7,"name":"Click on login in home page","match":{"location":"stepDefinition.StepDefination.click_on_login_in_home_page()"},"keyword":"And "},{"result":{"duration":2873147600,"status":"passed"},"line":8,"name":"User enters sanujana8@gmail.com and Test12345 and logs in","match":{"arguments":[{"val":"sanujana8@gmail.com","offset":12},{"val":"Test12345","offset":36}],"location":"stepDefinition.StepDefination.user_enters_and_and_logs_in(java.lang.String,java.lang.String)"},"keyword":"When "},{"result":{"error_message":"org.openqa.selenium.NoSuchElementException: no such element: Unable to locate element: {\"method\":\"css selector\",\"selector\":\"*[name='query']\"}\n  (Session info: chrome=104.0.5112.102)\nFor documentation on this error, please visit: https://selenium.dev/exceptions/#no_such_element\nBuild info: version: '4.3.0', revision: 'a4995e2c09*'\nSystem info: host: 'DESKTOP-LAUHH40', ip: '192.168.20.23', os.name: 'Windows 10', os.arch: 'amd64', os.version: '10.0', java.version: '17.0.2'\nDriver info: org.openqa.selenium.chrome.ChromeDriver\nCommand: [64b5e9589854fa8ecef15a6d4b2c6f44, findElement {using=name, value=query}]\nCapabilities {acceptInsecureCerts: false, browserName: chrome, browserVersion: 104.0.5112.102, chrome: {chromedriverVersion: 104.0.5112.79 (3cf3e8c8a07d..., userDataDir: C:\\Users\\chinm\\AppData\\Loca...}, goog:chromeOptions: {debuggerAddress: localhost:50462}, networkConnectionEnabled: false, pageLoadStrategy: eager, platformName: WINDOWS, proxy: Proxy(), se:cdp: ws://localhost:50462/devtoo..., se:cdpVersion: 104.0.5112.102, setWindowRect: true, strictFileInteractability: false, timeouts: {implicit: 0, pageLoad: 300000, script: 30000}, unhandledPromptBehavior: dismiss and notify, webauthn:extension:credBlob: true, webauthn:extension:largeBlob: true, webauthn:virtualAuthenticators: true}\nSession ID: 64b5e9589854fa8ecef15a6d4b2c6f44\r\n\tat java.base/jdk.internal.reflect.NativeConstructorAccessorImpl.newInstance0(Native Method)\r\n\tat java.base/jdk.internal.reflect.NativeConstructorAccessorImpl.newInstance(NativeConstructorAccessorImpl.java:77)\r\n\tat java.base/jdk.internal.reflect.DelegatingConstructorAccessorImpl.newInstance(DelegatingConstructorAccessorImpl.java:45)\r\n\tat java.base/java.lang.reflect.Constructor.newInstanceWithCaller(Constructor.java:499)\r\n\tat java.base/java.lang.reflect.Constructor.newInstance(Constructor.java:480)\r\n\tat org.openqa.selenium.remote.codec.w3c.W3CHttpResponseCodec.createException(W3CHttpResponseCodec.java:200)\r\n\tat org.openqa.selenium.remote.codec.w3c.W3CHttpResponseCodec.decode(W3CHttpResponseCodec.java:133)\r\n\tat org.openqa.selenium.remote.codec.w3c.W3CHttpResponseCodec.decode(W3CHttpResponseCodec.java:53)\r\n\tat org.openqa.selenium.remote.HttpCommandExecutor.execute(HttpCommandExecutor.java:184)\r\n\tat org.openqa.selenium.remote.service.DriverCommandExecutor.invokeExecute(DriverCommandExecutor.java:167)\r\n\tat org.openqa.selenium.remote.service.DriverCommandExecutor.execute(DriverCommandExecutor.java:142)\r\n\tat org.openqa.selenium.remote.RemoteWebDriver.execute(RemoteWebDriver.java:569)\r\n\tat org.openqa.selenium.remote.ElementLocation$ElementFinder$2.findElement(ElementLocation.java:162)\r\n\tat org.openqa.selenium.remote.ElementLocation.findElement(ElementLocation.java:66)\r\n\tat org.openqa.selenium.remote.RemoteWebDriver.findElement(RemoteWebDriver.java:387)\r\n\tat org.openqa.selenium.remote.RemoteWebDriver.findElement(RemoteWebDriver.java:379)\r\n\tat pageObject.HomePage.SearchBox(HomePage.java:19)\r\n\tat stepDefinition.StepDefination.verify_users_is_successfully_logged_in(StepDefination.java:56)\r\n\tat ✽.Verify users is successfully logged in(file:///C:/Repository/SeleniumJava/E2EframeWork/src/test/java/features/Login.feature:9)\r\n","duration":5062921500,"status":"failed"},"line":9,"name":"Verify users is successfully logged in","match":{"location":"stepDefinition.StepDefination.verify_users_is_successfully_logged_in()"},"keyword":"Then "},{"result":{"duration":999600,"status":"skipped"},"line":10,"name":"close browser","match":{"location":"stepDefinition.StepDefination.close_browser()"},"keyword":"And "}],"tags":[{"name":"@SmokeScenario"}]},{"start_timestamp":"2022-08-24T02:35:15.458Z","line":15,"name":"Positive Test Validating Login","description":"","id":"log-in-application;positive-test-validating-login;;3","type":"scenario","keyword":"Scenario Outline","steps":[{"result":{"duration":2196123000,"status":"passed"},"line":5,"name":"Initialize browser with chrome","match":{"location":"stepDefinition.StepDefination.initialize_browser_with_chrome()"},"keyword":"Given "},{"result":{"duration":3676221700,"status":"passed"},"line":6,"name":"Navigate to \"url\" site","match":{"arguments":[{"val":"\"url\"","offset":12}],"location":"stepDefinition.StepDefination.navigate_to_site(java.lang.String)"},"keyword":"And "},{"result":{"duration":7635824600,"status":"passed"},"line":7,"name":"Click on login in home page","match":{"location":"stepDefinition.StepDefination.click_on_login_in_home_page()"},"keyword":"And "},{"result":{"duration":3115661400,"status":"passed"},"line":8,"name":"User enters sanujana7@gmail.com and Test123456 and logs in","match":{"arguments":[{"val":"sanujana7@gmail.com","offset":12},{"val":"Test123456","offset":36}],"location":"stepDefinition.StepDefination.user_enters_and_and_logs_in(java.lang.String,java.lang.String)"},"keyword":"When "},{"result":{"error_message":"org.openqa.selenium.NoSuchElementException: no such element: Unable to locate element: {\"method\":\"css selector\",\"selector\":\"*[name='query']\"}\n  (Session info: chrome=104.0.5112.102)\nFor documentation on this error, please visit: https://selenium.dev/exceptions/#no_such_element\nBuild info: version: '4.3.0', revision: 'a4995e2c09*'\nSystem info: host: 'DESKTOP-LAUHH40', ip: '192.168.20.23', os.name: 'Windows 10', os.arch: 'amd64', os.version: '10.0', java.version: '17.0.2'\nDriver info: org.openqa.selenium.chrome.ChromeDriver\nCommand: [e313835dc1a27ffc347bf838da73c520, findElement {using=name, value=query}]\nCapabilities {acceptInsecureCerts: false, browserName: chrome, browserVersion: 104.0.5112.102, chrome: {chromedriverVersion: 104.0.5112.79 (3cf3e8c8a07d..., userDataDir: C:\\Users\\chinm\\AppData\\Loca...}, goog:chromeOptions: {debuggerAddress: localhost:50523}, networkConnectionEnabled: false, pageLoadStrategy: eager, platformName: WINDOWS, proxy: Proxy(), se:cdp: ws://localhost:50523/devtoo..., se:cdpVersion: 104.0.5112.102, setWindowRect: true, strictFileInteractability: false, timeouts: {implicit: 0, pageLoad: 300000, script: 30000}, unhandledPromptBehavior: dismiss and notify, webauthn:extension:credBlob: true, webauthn:extension:largeBlob: true, webauthn:virtualAuthenticators: true}\nSession ID: e313835dc1a27ffc347bf838da73c520\r\n\tat java.base/jdk.internal.reflect.NativeConstructorAccessorImpl.newInstance0(Native Method)\r\n\tat java.base/jdk.internal.reflect.NativeConstructorAccessorImpl.newInstance(NativeConstructorAccessorImpl.java:77)\r\n\tat java.base/jdk.internal.reflect.DelegatingConstructorAccessorImpl.newInstance(DelegatingConstructorAccessorImpl.java:45)\r\n\tat java.base/java.lang.reflect.Constructor.newInstanceWithCaller(Constructor.java:499)\r\n\tat java.base/java.lang.reflect.Constructor.newInstance(Constructor.java:480)\r\n\tat org.openqa.selenium.remote.codec.w3c.W3CHttpResponseCodec.createException(W3CHttpResponseCodec.java:200)\r\n\tat org.openqa.selenium.remote.codec.w3c.W3CHttpResponseCodec.decode(W3CHttpResponseCodec.java:133)\r\n\tat org.openqa.selenium.remote.codec.w3c.W3CHttpResponseCodec.decode(W3CHttpResponseCodec.java:53)\r\n\tat org.openqa.selenium.remote.HttpCommandExecutor.execute(HttpCommandExecutor.java:184)\r\n\tat org.openqa.selenium.remote.service.DriverCommandExecutor.invokeExecute(DriverCommandExecutor.java:167)\r\n\tat org.openqa.selenium.remote.service.DriverCommandExecutor.execute(DriverCommandExecutor.java:142)\r\n\tat org.openqa.selenium.remote.RemoteWebDriver.execute(RemoteWebDriver.java:569)\r\n\tat org.openqa.selenium.remote.ElementLocation$ElementFinder$2.findElement(ElementLocation.java:162)\r\n\tat org.openqa.selenium.remote.ElementLocation.findElement(ElementLocation.java:66)\r\n\tat org.openqa.selenium.remote.RemoteWebDriver.findElement(RemoteWebDriver.java:387)\r\n\tat org.openqa.selenium.remote.RemoteWebDriver.findElement(RemoteWebDriver.java:379)\r\n\tat pageObject.HomePage.SearchBox(HomePage.java:19)\r\n\tat stepDefinition.StepDefination.verify_users_is_successfully_logged_in(StepDefination.java:56)\r\n\tat ✽.Verify users is successfully logged in(file:///C:/Repository/SeleniumJava/E2EframeWork/src/test/java/features/Login.feature:9)\r\n","duration":5059520800,"status":"failed"},"line":9,"name":"Verify users is successfully logged in","match":{"location":"stepDefinition.StepDefination.verify_users_is_successfully_logged_in()"},"keyword":"Then "},{"result":{"status":"skipped"},"line":10,"name":"close browser","match":{"location":"stepDefinition.StepDefination.close_browser()"},"keyword":"And "}],"tags":[{"name":"@SmokeScenario"}]}],"name":"Log in Application","description":"","id":"log-in-application","keyword":"Feature","uri":"file:src/test/java/features/Login.feature","tags":[{"name":"@SmokeScenario","type":"Tag","location":{"line":1,"column":1}}]}]