<?xml version="1.0" encoding="UTF-8"?>
<testng-results ignored="0" total="7" passed="6" failed="1" skipped="0">
  <reporter-output>
  </reporter-output>
  <suite started-at="2022-07-12T14:01:54 AEST" name="Suite" finished-at="2022-07-12T14:02:07 AEST" duration-ms="13022">
    <groups>
    </groups>
    <test started-at="2022-07-12T14:01:54 AEST" name="ValidateNavigationBar" finished-at="2022-07-12T14:02:01 AEST" duration-ms="7538">
      <class name="Framework.E2EframeWork.ValidateNavBarTest">
        <test-method is-config="true" signature="Initialize()[pri:0, instance:Framework.E2EframeWork.ValidateNavBarTest@17f9344b]" started-at="2022-07-12T14:01:54 AEST" name="Initialize" finished-at="2022-07-12T14:02:00 AEST" duration-ms="6399" status="PASS">
          <reporter-output>
          </reporter-output>
        </test-method> <!-- Initialize -->
        <test-method signature="ValidatePageNavBar()[pri:0, instance:Framework.E2EframeWork.ValidateNavBarTest@17f9344b]" started-at="2022-07-12T14:02:00 AEST" name="ValidatePageNavBar" finished-at="2022-07-12T14:02:01 AEST" duration-ms="653" status="PASS">
          <reporter-output>
          </reporter-output>
        </test-method> <!-- ValidatePageNavBar -->
        <test-method signature="ValidateTest2()[pri:0, instance:Framework.E2EframeWork.ValidateNavBarTest@17f9344b]" started-at="2022-07-12T14:02:01 AEST" name="ValidateTest2" finished-at="2022-07-12T14:02:01 AEST" duration-ms="1" status="PASS">
          <reporter-output>
          </reporter-output>
        </test-method> <!-- ValidateTest2 -->
        <test-method is-config="true" signature="TearDown()[pri:0, instance:Framework.E2EframeWork.ValidateNavBarTest@17f9344b]" started-at="2022-07-12T14:02:01 AEST" name="TearDown" finished-at="2022-07-12T14:02:01 AEST" duration-ms="456" status="PASS">
          <reporter-output>
          </reporter-output>
        </test-method> <!-- TearDown -->
      </class> <!-- Framework.E2EframeWork.ValidateNavBarTest -->
    </test> <!-- ValidateNavigationBar -->
    <test started-at="2022-07-12T14:01:54 AEST" name="ValidatingTitle" finished-at="2022-07-12T14:02:02 AEST" duration-ms="8291">
      <class name="Framework.E2EframeWork.ValidateTitleTest">
        <test-method is-config="true" signature="Initialize()[pri:0, instance:Framework.E2EframeWork.ValidateTitleTest@25243bc1]" started-at="2022-07-12T14:01:54 AEST" name="Initialize" finished-at="2022-07-12T14:02:00 AEST" duration-ms="6059" status="PASS">
          <reporter-output>
          </reporter-output>
        </test-method> <!-- Initialize -->
        <test-method signature="ValidatePageTitle()[pri:0, instance:Framework.E2EframeWork.ValidateTitleTest@25243bc1]" started-at="2022-07-12T14:02:00 AEST" name="ValidatePageTitle" finished-at="2022-07-12T14:02:01 AEST" duration-ms="1290" status="FAIL">
          <exception class="java.lang.AssertionError">
            <message>
              <![CDATA[expected [true] but found [false]]]>
            </message>
            <full-stacktrace>
              <![CDATA[java.lang.AssertionError: expected [true] but found [false]
at org.testng.Assert.fail(Assert.java:99)
at org.testng.Assert.failNotEquals(Assert.java:1037)
at org.testng.Assert.assertTrue(Assert.java:45)
at org.testng.Assert.assertTrue(Assert.java:55)
at Framework.E2EframeWork.ValidateTitleTest.ValidatePageTitle(ValidateTitleTest.java:44)
at java.base/jdk.internal.reflect.NativeMethodAccessorImpl.invoke0(Native Method)
at java.base/jdk.internal.reflect.NativeMethodAccessorImpl.invoke(NativeMethodAccessorImpl.java:77)
at java.base/jdk.internal.reflect.DelegatingMethodAccessorImpl.invoke(DelegatingMethodAccessorImpl.java:43)
at java.base/java.lang.reflect.Method.invoke(Method.java:568)
at org.testng.internal.MethodInvocationHelper.invokeMethod(MethodInvocationHelper.java:133)
at org.testng.internal.TestInvoker.invokeMethod(TestInvoker.java:598)
at org.testng.internal.TestInvoker.invokeTestMethod(TestInvoker.java:173)
at org.testng.internal.MethodRunner.runInSequence(MethodRunner.java:46)
at org.testng.internal.TestInvoker$MethodInvocationAgent.invoke(TestInvoker.java:824)
at org.testng.internal.TestInvoker.invokeTestMethods(TestInvoker.java:146)
at org.testng.internal.TestMethodWorker.invokeTestMethods(TestMethodWorker.java:146)
at org.testng.internal.TestMethodWorker.run(TestMethodWorker.java:128)
at java.base/java.util.ArrayList.forEach(ArrayList.java:1511)
at org.testng.TestRunner.privateRun(TestRunner.java:794)
at org.testng.TestRunner.run(TestRunner.java:596)
at org.testng.SuiteRunner.runTest(SuiteRunner.java:377)
at org.testng.SuiteRunner.access$000(SuiteRunner.java:28)
at org.testng.SuiteRunner$SuiteWorker.run(SuiteRunner.java:418)
at org.testng.internal.thread.ThreadUtil.lambda$execute$0(ThreadUtil.java:64)
at java.base/java.util.concurrent.FutureTask.run(FutureTask.java:264)
at java.base/java.util.concurrent.ThreadPoolExecutor.runWorker(ThreadPoolExecutor.java:1136)
at java.base/java.util.concurrent.ThreadPoolExecutor$Worker.run(ThreadPoolExecutor.java:635)
at java.base/java.lang.Thread.run(Thread.java:833)
]]>
            </full-stacktrace>
          </exception> <!-- java.lang.AssertionError -->
          <reporter-output>
          </reporter-output>
        </test-method> <!-- ValidatePageTitle -->
        <test-method signature="ValidateTest2()[pri:0, instance:Framework.E2EframeWork.ValidateTitleTest@25243bc1]" started-at="2022-07-12T14:02:02 AEST" name="ValidateTest2" finished-at="2022-07-12T14:02:02 AEST" duration-ms="2" status="PASS">
          <reporter-output>
          </reporter-output>
        </test-method> <!-- ValidateTest2 -->
        <test-method is-config="true" signature="TearDown()[pri:0, instance:Framework.E2EframeWork.ValidateTitleTest@25243bc1]" started-at="2022-07-12T14:02:02 AEST" name="TearDown" finished-at="2022-07-12T14:02:02 AEST" duration-ms="303" status="PASS">
          <reporter-output>
          </reporter-output>
        </test-method> <!-- TearDown -->
      </class> <!-- Framework.E2EframeWork.ValidateTitleTest -->
    </test> <!-- ValidatingTitle -->
    <test started-at="2022-07-12T14:01:54 AEST" name="ValidateLogin" finished-at="2022-07-12T14:02:07 AEST" duration-ms="13022">
      <class name="Framework.E2EframeWork.HomePageTest">
        <test-method is-config="true" signature="Initialize()[pri:0, instance:Framework.E2EframeWork.HomePageTest@4fdf8f12]" started-at="2022-07-12T14:01:54 AEST" name="Initialize" finished-at="2022-07-12T14:01:59 AEST" duration-ms="4986" status="PASS">
          <reporter-output>
          </reporter-output>
        </test-method> <!-- Initialize -->
        <test-method signature="LogInTry(java.lang.String,java.lang.String,java.lang.String)[pri:0, instance:Framework.E2EframeWork.HomePageTest@4fdf8f12]" started-at="2022-07-12T14:01:59 AEST" name="LogInTry" data-provider="getData" finished-at="2022-07-12T14:02:04 AEST" duration-ms="4900" status="PASS">
          <params>
            <param index="0">
              <value>
                <![CDATA[test@gmail.com]]>
              </value>
            </param>
            <param index="1">
              <value>
                <![CDATA[testPwd]]>
              </value>
            </param>
            <param index="2">
              <value>
                <![CDATA[Bad User]]>
              </value>
            </param>
          </params>
          <reporter-output>
          </reporter-output>
        </test-method> <!-- LogInTry -->
        <test-method signature="LogInTry(java.lang.String,java.lang.String,java.lang.String)[pri:0, instance:Framework.E2EframeWork.HomePageTest@4fdf8f12]" started-at="2022-07-12T14:02:04 AEST" name="LogInTry" data-provider="getData" finished-at="2022-07-12T14:02:06 AEST" duration-ms="2798" status="PASS">
          <params>
            <param index="0">
              <value>
                <![CDATA[test2@gmail.com]]>
              </value>
            </param>
            <param index="1">
              <value>
                <![CDATA[testPwd2]]>
              </value>
            </param>
            <param index="2">
              <value>
                <![CDATA[Bad User 2]]>
              </value>
            </param>
          </params>
          <reporter-output>
          </reporter-output>
        </test-method> <!-- LogInTry -->
        <test-method signature="LogInTryTest2()[pri:0, instance:Framework.E2EframeWork.HomePageTest@4fdf8f12]" started-at="2022-07-12T14:02:06 AEST" name="LogInTryTest2" finished-at="2022-07-12T14:02:06 AEST" duration-ms="11" status="PASS">
          <reporter-output>
          </reporter-output>
        </test-method> <!-- LogInTryTest2 -->
        <test-method is-config="true" signature="TearDown()[pri:0, instance:Framework.E2EframeWork.HomePageTest@4fdf8f12]" started-at="2022-07-12T14:02:06 AEST" name="TearDown" finished-at="2022-07-12T14:02:07 AEST" duration-ms="260" status="PASS">
          <reporter-output>
          </reporter-output>
        </test-method> <!-- TearDown -->
      </class> <!-- Framework.E2EframeWork.HomePageTest -->
    </test> <!-- ValidateLogin -->
  </suite> <!-- Suite -->
</testng-results>
